<?xml version="1.0" encoding="UTF-8"?>
<!-- Generated by org.testng.reporters.JUnitReportReporter -->
<testsuite hostname="vsawant-win8" name="com.pack.common.tests.ArticlePageTest" tests="1" failures="0" timestamp="15 Sep 2015 04:30:15 GMT" time="14.409" errors="0">
  <testcase name="verifyArticleID" time="14.409" classname="com.pack.common.tests.ArticlePageTest"/>
</testsuite> <!-- com.pack.common.tests.ArticlePageTest -->
