<?xml version="1.0" encoding="UTF-8"?>
<!-- Generated by org.testng.reporters.JUnitReportReporter -->
<testsuite hostname="vsawant-win8" name="com.pack.common.tests.HomePageTest" tests="1" failures="0" timestamp="16 Sep 2015 14:18:39 GMT" time="57.574" errors="0">
  <testcase name="verifyHomePageElements" time="57.574" classname="com.pack.common.tests.HomePageTest"/>
</testsuite> <!-- com.pack.common.tests.HomePageTest -->
