<?xml version="1.0" encoding="UTF-8"?>
<!-- Generated by org.testng.reporters.JUnitReportReporter -->
<testsuite hostname="vsawant-win8" name="com.pack.common.tests.LoginPageTest" tests="1" failures="0" timestamp="15 Sep 2015 04:30:15 GMT" time="7.836" errors="0">
  <testcase name="verifyPipelineLoginFunction" time="7.836" classname="com.pack.common.tests.LoginPageTest"/>
</testsuite> <!-- com.pack.common.tests.LoginPageTest -->
