<?xml version="1.0" encoding="UTF-8"?>
<!-- Generated by org.testng.reporters.JUnitReportReporter -->
<testsuite hostname="vsawant-win8" name="udbtests.HomePageTest" tests="1" failures="0" timestamp="4 Dec 2015 06:43:20 GMT" time="6.623" errors="0">
  <testcase name="verifyCompHomePgDisplayed" time="6.623" classname="udbtests.HomePageTest"/>
</testsuite> <!-- udbtests.HomePageTest -->
