<?xml version="1.0" encoding="UTF-8"?>
<!-- Generated by org.testng.reporters.JUnitReportReporter -->
<testsuite hostname="vsawant-win8" name="udbtests.LoginPageTest" tests="2" failures="0" timestamp="4 Dec 2015 06:43:20 GMT" time="7.764" errors="0">
  <testcase name="verifyUDBLogin" time="5.373" classname="udbtests.LoginPageTest"/>
  <testcase name="verifyInvalidUDBLogin" time="2.391" classname="udbtests.LoginPageTest"/>
</testsuite> <!-- udbtests.LoginPageTest -->
