<?xml version="1.0" encoding="UTF-8"?>
<!-- Generated by org.testng.reporters.JUnitReportReporter -->
<testsuite hostname="vsawant-win8" name="example.NewTest" tests="1" failures="0" timestamp="7 Oct 2015 05:26:41 GMT" time="2.985" errors="0">
  <testcase name="testEasy" time="2.985" classname="example.NewTest"/>
</testsuite> <!-- example.NewTest -->
