<?xml version="1.0" encoding="UTF-8"?>
<!-- Generated by org.testng.reporters.JUnitReportReporter -->
<testsuite hostname="vsawant-win8" name="udbtests.AdminUserTest" tests="3" failures="0" timestamp="24 Dec 2015 08:56:08 GMT" time="8.313" errors="0">
  <testcase name="verifyUserAdminPgDisp" time="7.910" classname="udbtests.AdminUserTest"/>
  <testcase name="verifyEditUserPgDisp" time="0.303" classname="udbtests.AdminUserTest"/>
  <testcase name="verifyDiffColsOnAdminUserPg" time="0.100" classname="udbtests.AdminUserTest"/>
</testsuite> <!-- udbtests.AdminUserTest -->
