<?xml version="1.0" encoding="UTF-8"?>
<!-- Generated by org.testng.reporters.JUnitReportReporter -->
<testsuite hostname="vsawant-win8" name="signup.service.DST_SignUp" tests="1" failures="0" timestamp="21 Aug 2015 09:51:22 GMT" time="43.218" errors="0">
  <testcase name="dstSignUp" time="43.218" classname="signup.service.DST_SignUp"/>
</testsuite> <!-- signup.service.DST_SignUp -->
