<?xml version="1.0" encoding="UTF-8"?>
<!-- Generated by org.testng.reporters.JUnitReportReporter -->
<testsuite hostname="vsawant-win8" name="SignUp.DST_SignUp" tests="1" failures="0" timestamp="19 Jun 2015 11:29:49 GMT" time="41.805" errors="0">
  <testcase name="dstSignUp" time="41.805" classname="SignUp.DST_SignUp"/>
</testsuite> <!-- SignUp.DST_SignUp -->
