<?xml version="1.0" encoding="UTF-8"?>
<!-- Generated by org.testng.reporters.JUnitReportReporter -->
<testsuite hostname="vsawant-win8" name="SignUp.CC_SignUp" tests="1" failures="0" timestamp="19 Jun 2015 11:29:49 GMT" time="79.203" errors="0">
  <testcase name="ccSignUp" time="79.203" classname="SignUp.CC_SignUp"/>
</testsuite> <!-- SignUp.CC_SignUp -->
