<?xml version="1.0" encoding="UTF-8"?>
<!-- Generated by org.testng.reporters.JUnitReportReporter -->
<testsuite hostname="vsawant-win8" name="signup.service.AAP_SignUp" tests="1" failures="0" timestamp="21 Aug 2015 09:51:22 GMT" time="43.566" errors="0">
  <testcase name="aapSignUp" time="43.566" classname="signup.service.AAP_SignUp"/>
</testsuite> <!-- signup.service.AAP_SignUp -->
