<?xml version="1.0" encoding="UTF-8"?>
<!-- Generated by org.testng.reporters.JUnitReportReporter -->
<testsuite hostname="vsawant-win8" name="signup.service.AAO_SignUp" tests="1" failures="0" timestamp="21 Aug 2015 09:51:22 GMT" time="46.413" errors="0">
  <testcase name="aaoSignUp" time="46.413" classname="signup.service.AAO_SignUp"/>
</testsuite> <!-- signup.service.AAO_SignUp -->
