<?xml version="1.0" encoding="UTF-8"?>
<!-- Generated by org.testng.reporters.JUnitReportReporter -->
<testsuite hostname="vsawant-win8" name="validate.signup.service.ValidateFieldsOnSignUp" tests="47" failures="0" timestamp="21 Aug 2015 08:57:06 GMT" time="1263.533" errors="0">
  <testcase name="checkFirstName" time="17.314" classname="validate.signup.service.ValidateFieldsOnSignUp"/>
  <testcase name="checkFirstName" time="19.119" classname="validate.signup.service.ValidateFieldsOnSignUp"/>
  <testcase name="checkEmailID" time="19.542" classname="validate.signup.service.ValidateFieldsOnSignUp"/>
  <testcase name="checkEmailID" time="13.859" classname="validate.signup.service.ValidateFieldsOnSignUp"/>
  <testcase name="checkConfirmPassword" time="30.916" classname="validate.signup.service.ValidateFieldsOnSignUp"/>
  <testcase name="checkLastName" time="36.898" classname="validate.signup.service.ValidateFieldsOnSignUp"/>
  <testcase name="checkFirstName" time="17.403" classname="validate.signup.service.ValidateFieldsOnSignUp"/>
  <testcase name="checkEmailID" time="24.417" classname="validate.signup.service.ValidateFieldsOnSignUp"/>
  <testcase name="checkPassword" time="35.544" classname="validate.signup.service.ValidateFieldsOnSignUp"/>
  <testcase name="checkEmailID" time="19.267" classname="validate.signup.service.ValidateFieldsOnSignUp"/>
  <testcase name="checkConfirmPassword" time="28.030" classname="validate.signup.service.ValidateFieldsOnSignUp"/>
  <testcase name="checkConfirmPassword" time="25.521" classname="validate.signup.service.ValidateFieldsOnSignUp"/>
  <testcase name="checkConfirmPassword" time="24.639" classname="validate.signup.service.ValidateFieldsOnSignUp"/>
  <testcase name="blankformSubmit" time="60.158" classname="validate.signup.service.ValidateFieldsOnSignUp"/>
  <testcase name="checkLastName" time="20.836" classname="validate.signup.service.ValidateFieldsOnSignUp"/>
  <testcase name="blankformSubmit" time="55.621" classname="validate.signup.service.ValidateFieldsOnSignUp"/>
  <testcase name="checkLastName" time="22.223" classname="validate.signup.service.ValidateFieldsOnSignUp"/>
  <testcase name="checkFirstName" time="13.661" classname="validate.signup.service.ValidateFieldsOnSignUp"/>
  <testcase name="checkPassword" time="30.340" classname="validate.signup.service.ValidateFieldsOnSignUp"/>
  <testcase name="checkEmailID" time="19.893" classname="validate.signup.service.ValidateFieldsOnSignUp"/>
  <testcase name="blankformSubmit" time="43.759" classname="validate.signup.service.ValidateFieldsOnSignUp"/>
  <testcase name="checkPassword" time="25.551" classname="validate.signup.service.ValidateFieldsOnSignUp"/>
  <testcase name="checkPassword" time="19.392" classname="validate.signup.service.ValidateFieldsOnSignUp"/>
  <testcase name="checkPassword" time="24.569" classname="validate.signup.service.ValidateFieldsOnSignUp"/>
  <testcase name="checkConfirmPassword" time="26.561" classname="validate.signup.service.ValidateFieldsOnSignUp"/>
  <testcase name="checkEmailID" time="35.874" classname="validate.signup.service.ValidateFieldsOnSignUp"/>
  <testcase name="checkConfirmPassword" time="22.021" classname="validate.signup.service.ValidateFieldsOnSignUp"/>
  <testcase name="blankformSubmit" time="35.119" classname="validate.signup.service.ValidateFieldsOnSignUp"/>
  <testcase name="checkConfirmPassword" time="37.819" classname="validate.signup.service.ValidateFieldsOnSignUp"/>
  <testcase name="checkEmailID" time="23.722" classname="validate.signup.service.ValidateFieldsOnSignUp"/>
  <testcase name="checkPassword" time="19.557" classname="validate.signup.service.ValidateFieldsOnSignUp"/>
  <testcase name="checkEmailID" time="24.152" classname="validate.signup.service.ValidateFieldsOnSignUp"/>
  <testcase name="checkFirstName" time="15.396" classname="validate.signup.service.ValidateFieldsOnSignUp"/>
  <testcase name="checkConfirmPassword" time="21.132" classname="validate.signup.service.ValidateFieldsOnSignUp"/>
  <testcase name="blankformSubmit" time="49.972" classname="validate.signup.service.ValidateFieldsOnSignUp"/>
  <testcase name="checkPassword" time="30.347" classname="validate.signup.service.ValidateFieldsOnSignUp"/>
  <testcase name="checkLastName" time="17.939" classname="validate.signup.service.ValidateFieldsOnSignUp"/>
  <testcase name="checkPassword" time="28.785" classname="validate.signup.service.ValidateFieldsOnSignUp"/>
  <testcase name="checkLastName" time="15.432" classname="validate.signup.service.ValidateFieldsOnSignUp"/>
  <testcase name="checkPassword" time="44.882" classname="validate.signup.service.ValidateFieldsOnSignUp"/>
  <testcase name="checkConfirmPassword" time="23.105" classname="validate.signup.service.ValidateFieldsOnSignUp"/>
  <testcase name="checkEmailID" time="18.596" classname="validate.signup.service.ValidateFieldsOnSignUp"/>
  <testcase name="checkConfirmPassword" time="21.919" classname="validate.signup.service.ValidateFieldsOnSignUp"/>
  <testcase name="checkPassword" time="31.418" classname="validate.signup.service.ValidateFieldsOnSignUp"/>
  <testcase name="checkLastName" time="25.848" classname="validate.signup.service.ValidateFieldsOnSignUp"/>
  <testcase name="checkEmailID" time="19.012" classname="validate.signup.service.ValidateFieldsOnSignUp"/>
  <testcase name="checkFirstName" time="26.453" classname="validate.signup.service.ValidateFieldsOnSignUp"/>
</testsuite> <!-- validate.signup.service.ValidateFieldsOnSignUp -->
