<?xml version="1.0" encoding="UTF-8"?>
<!-- Generated by org.testng.reporters.JUnitReportReporter -->
<testsuite hostname="vsawant-win8" name="SignUp.AAP_SignUp" tests="1" failures="0" timestamp="19 Jun 2015 11:29:49 GMT" time="41.912" errors="0">
  <testcase name="aapSignUp" time="41.912" classname="SignUp.AAP_SignUp"/>
</testsuite> <!-- SignUp.AAP_SignUp -->
