<?xml version="1.0" encoding="UTF-8"?>
<!-- Generated by org.testng.reporters.JUnitReportReporter -->
<testsuite hostname="vsawant-win8" name="signup.service.DSA_SignUp" tests="1" failures="0" timestamp="21 Aug 2015 09:51:22 GMT" time="57.718" errors="0">
  <testcase name="dsaSignUp" time="57.718" classname="signup.service.DSA_SignUp"/>
</testsuite> <!-- signup.service.DSA_SignUp -->
