<?xml version="1.0" encoding="UTF-8"?>
<!-- Generated by org.testng.reporters.JUnitReportReporter -->
<testsuite hostname="vsawant-win8" name="SignUp.DSA_SignUp" tests="1" failures="0" timestamp="19 Jun 2015 11:29:49 GMT" time="54.299" errors="0">
  <testcase name="dsaSignUp" time="54.299" classname="SignUp.DSA_SignUp"/>
</testsuite> <!-- SignUp.DSA_SignUp -->
