<?xml version="1.0" encoding="UTF-8"?>
<!-- Generated by org.testng.reporters.JUnitReportReporter -->
<testsuite hostname="vsawant-win8" name="signup.service.CC_SignUp" tests="1" failures="0" timestamp="21 Aug 2015 09:51:22 GMT" time="49.161" errors="0">
  <testcase name="ccSignUp" time="49.161" classname="signup.service.CC_SignUp"/>
</testsuite> <!-- signup.service.CC_SignUp -->
